INFO:root:Downloading articles...
INFO:wikipediaapi:Request URL: https://ru.wikipedia.org/w/api.php?action=query&list=categorymembers&cmtitle=Категория:Спорт&cmlimit=500
INFO:wikipediaapi:Request URL: https://ru.wikipedia.org/w/api.php?action=query&list=categorymembers&cmtitle=Категория:Портал:Спорт&cmlimit=500
INFO:wikipediaapi:Request URL: https://ru.wikipedia.org/w/api.php?action=query&list=categorymembers&cmtitle=Категория:Портал:Баскетбол&cmlimit=500
INFO:wikipediaapi:Request URL: https://ru.wikipedia.org/w/api.php?action=query&list=categorymembers&cmtitle=Категория:Портал:Кёрлинг&cmlimit=500
INFO:wikipediaapi:Request URL: https://ru.wikipedia.org/w/api.php?action=query&list=categorymembers&cmtitle=Категория:Портал:НХЛ&cmlimit=500
INFO:wikipediaapi:Request URL: https://ru.wikipedia.org/w/api.php?action=query&list=categorymembers&cmtitle=Категория:Портал:Олимпийские игры&cmlimit=500
INFO:wikipediaapi:Request URL: https://ru.wikipedia.org/w/api.php?action=query&list=categorymembers&cmtitle=Категория:Портал:Футбол&cmlimit=500
INFO:wikipediaapi:Request URL: https://ru.wikipedia.org/w/api.php?action=query&list=categorymembers&cmtitle=Категория:Проект:Спорт&cmlimit=500
INFO:wikipediaapi:Request URL: https://ru.wikipedia.org/w/api.php?action=query&list=categorymembers&cmtitle=Категория:Портал:Узбекистанский футбол&cmlimit=500
INFO:wikipediaapi:Request URL: https://ru.wikipedia.org/w/api.php?action=query&list=categorymembers&cmtitle=Категория:Портал:Хоккей на траве&cmlimit=500
INFO:wikipediaapi:Request URL: https://ru.wikipedia.org/w/api.php?action=query&list=categorymembers&cmtitle=Категория:Портал:Хоккей с мячом&cmlimit=500
INFO:wikipediaapi:Request URL: https://ru.wikipedia.org/w/api.php?action=query&list=categorymembers&cmtitle=Категория:Спортивные соревнования&cmlimit=500
INFO:wikipediaapi:Request URL: https://ru.wikipedia.org/w/api.php?action=query&list=categorymembers&cmtitle=Категория:Международные спортивные соревнования&cmlimit=500
INFO:wikipediaapi:Request URL: https://ru.wikipedia.org/w/api.php?action=query&list=categorymembers&cmtitle=Категория:Соревнования по видам спорта&cmlimit=500
INFO:wikipediaapi:Request URL: https://ru.wikipedia.org/w/api.php?action=query&list=categorymembers&cmtitle=Категория:Соревнования по регионам&cmlimit=500
INFO:wikipediaapi:Request URL: https://ru.wikipedia.org/w/api.php?action=query&list=categorymembers&cmtitle=Категория:Спортивные соревнования по континентам&cmlimit=500
INFO:wikipediaapi:Request URL: https://ru.wikipedia.org/w/api.php?action=query&list=categorymembers&cmtitle=Категория:Спортивные соревнования по годам&cmlimit=500
INFO:wikipediaapi:Request URL: https://ru.wikipedia.org/w/api.php?action=query&list=categorymembers&cmtitle=Категория:Спортивные соревнования по городам&cmlimit=500
INFO:wikipediaapi:Request URL: https://ru.wikipedia.org/w/api.php?action=query&list=categorymembers&cmtitle=Категория:Спортивные соревнования по странам&cmlimit=500
INFO:wikipediaapi:Request URL: https://ru.wikipedia.org/w/api.php?action=query&list=categorymembers&cmtitle=Категория:Всемирные игры&cmlimit=500
INFO:wikipediaapi:Request URL: https://ru.wikipedia.org/w/api.php?action=query&list=categorymembers&cmtitle=Категория:Всемирные игры кочевников&cmlimit=500
INFO:wikipediaapi:Request URL: https://ru.wikipedia.org/w/api.php?action=query&list=categorymembers&cmtitle=Категория:Женский спорт&cmlimit=500
INFO:wikipediaapi:Request URL: https://ru.wikipedia.org/w/api.php?action=query&list=categorymembers&cmtitle=Категория:Кубки&cmlimit=500
INFO:wikipediaapi:Request URL: https://ru.wikipedia.org/w/api.php?action=query&list=categorymembers&cmtitle=Категория:Спортивные лиги&cmlimit=500
INFO:wikipediaapi:Request URL: https://ru.wikipedia.org/w/api.php?action=query&list=categorymembers&cmtitle=Категория:Спортивные матчи&cmlimit=500
INFO:wikipediaapi:Request URL: https://ru.wikipedia.org/w/api.php?action=query&list=categorymembers&cmtitle=Категория:Молодёжные спортивные соревнования&cmlimit=500
INFO:wikipediaapi:Request URL: https://ru.wikipedia.org/w/api.php?action=query&list=categorymembers&cmtitle=Категория:Отменённые спортивные соревнования&cmlimit=500
INFO:wikipediaapi:Request URL: https://ru.wikipedia.org/w/api.php?action=query&list=categorymembers&cmtitle=Категория:Регаты&cmlimit=500
INFO:wikipediaapi:Request URL: https://ru.wikipedia.org/w/api.php?action=query&list=categorymembers&cmtitle=Категория:Спортсмены по спортивным соревнованиям&cmlimit=500
INFO:wikipediaapi:Request URL: https://ru.wikipedia.org/w/api.php?action=query&list=categorymembers&cmtitle=Категория:Страны на спортивных соревнованиях&cmlimit=500
INFO:wikipediaapi:Request URL: https://ru.wikipedia.org/w/api.php?action=query&list=categorymembers&cmtitle=Категория:Чемпионаты&cmlimit=500
INFO:wikipediaapi:Request URL: https://ru.wikipedia.org/w/api.php?action=query&list=categorymembers&cmtitle=Категория:Виды спорта&cmlimit=500
INFO:wikipediaapi:Request URL: https://ru.wikipedia.org/w/api.php?action=query&list=categorymembers&cmtitle=Категория:Категории по видам спорта&cmlimit=500
INFO:wikipediaapi:Request URL: https://ru.wikipedia.org/w/api.php?action=query&list=categorymembers&cmtitle=Категория:Виды спорта по годам&cmlimit=500
INFO:wikipediaapi:Request URL: https://ru.wikipedia.org/w/api.php?action=query&list=categorymembers&cmtitle=Категория:Категории видов спорта по странам&cmlimit=500
INFO:wikipediaapi:Request URL: https://ru.wikipedia.org/w/api.php?action=query&list=categorymembers&cmtitle=Категория:Индивидуальные виды спорта&cmlimit=500
INFO:wikipediaapi:Request URL: https://ru.wikipedia.org/w/api.php?action=query&list=categorymembers&cmtitle=Категория:Командные виды спорта&cmlimit=500
INFO:wikipediaapi:Request URL: https://ru.wikipedia.org/w/api.php?action=query&list=categorymembers&cmtitle=Категория:Армспорт&cmlimit=500
INFO:wikipediaapi:Request URL: https://ru.wikipedia.org/w/api.php?action=query&list=categorymembers&cmtitle=Категория:Боевые искусства&cmlimit=500
INFO:wikipediaapi:Request URL: https://ru.wikipedia.org/w/api.php?action=query&list=categorymembers&cmtitle=Категория:Виды бордспорта&cmlimit=500
INFO:wikipediaapi:Request URL: https://ru.wikipedia.org/w/api.php?action=query&list=categorymembers&cmtitle=Категория:Водные виды спорта (ФИНА)&cmlimit=500
